<?xml version="1.0" encoding="UTF-8"?>
<testsuite xmlns:xsi="http://www.w3.org/2001/XMLSchema-instance" xsi:noNamespaceSchemaLocation="https://maven.apache.org/surefire/maven-surefire-plugin/xsd/surefire-test-report-3.0.xsd" version="3.0" name="com.srikanthkanteti.personalblog.PersonalblogApplicationTests" time="1.123" tests="1" errors="0" skipped="0" failures="0">
  <properties>
[...]
</properties>
  <testcase name="contextLoads" classname="com.srikanthkanteti.personalblog.PersonalblogApplicationTests" time="0.383">
    <system-out><![CDATA[12:02:08.672 [main] INFO org.springframework.test.context.support.AnnotationConfigContextLoaderUtils -- Could not detect default configuration classes for test class [com.srikanthkanteti.personalblog.PersonalblogApplicationTests]: PersonalblogApplicationTests does not declare any static, non-private, non-final, nested classes annotated with @Configuration.
12:02:08.719 [main] INFO org.springframework.boot.test.context.SpringBootTestContextBootstrapper -- Found @SpringBootConfiguration com.srikanthkanteti.personalblog.PersonalblogApplication for test class com.srikanthkanteti.personalblog.PersonalblogApplicationTests

  .   ____          _            __ _ _
 /\\ / ___'_ __ _ _(_)_ __  __ _ \ \ \ \
( ( )\___ | '_ | '_| | '_ \/ _` | \ \ \ \
 \\/  ___)| |_)| | | | | || (_| |  ) ) ) )
  '  |____| .__|_| |_|_| |_\__, | / / / /
 =========|_|==============|___/=/_/_/_/
 :: Spring Boot ::                (v3.2.2)

2025-03-24T12:02:08.877-04:00  INFO 58642 --- [           main] c.s.p.PersonalblogApplicationTests       : Starting PersonalblogApplicationTests using Java 17.0.14 with PID 58642 (started by srikanthkanteti in /Users/srikanthkanteti/Documents/Project/personalblog)
2025-03-24T12:02:08.878-04:00  INFO 58642 --- [           main] c.s.p.PersonalblogApplicationTests       : No active profile set, falling back to 1 default profile: "default"
2025-03-24T12:02:09.228-04:00  INFO 58642 --- [           main] o.s.b.a.w.s.WelcomePageHandlerMapping    : Adding welcome page: class path resource [static/index.html]
2025-03-24T12:02:09.329-04:00  INFO 58642 --- [           main] c.s.p.PersonalblogApplicationTests       : Started PersonalblogApplicationTests in 0.56 seconds (process running for 0.943)
]]></system-out>
  </testcase>
</testsuite>